<?xml version="1.0" encoding="UTF-8"?>
<!-- Generated by org.testng.reporters.JUnitReportReporter -->
<testsuite hostname="DESKTOP-MLET7D3" failures="0" tests="2" name="testScripts.TestScript_T0001" time="10.559" errors="0" timestamp="2022-07-09T02:30:42 IST" skipped="0">
  <testcase classname="testScripts.TestScript_T0001" name="openGoogle" time="5.970"/>
  <system-out/>
  <testcase classname="testScripts.TestScript_T0001" name="openGoogle" time="4.589"/>
  <system-out/>
</testsuite> <!-- testScripts.TestScript_T0001 -->
