<?xml version="1.0" encoding="UTF-8"?>
<!-- Generated by org.testng.reporters.JUnitReportReporter -->
<testsuite hostname="DESKTOP-MLET7D3" failures="0" tests="2" name="testScripts.TestScript_T0001" time="46.457" errors="0" timestamp="2022-08-05T18:19:28 IST" skipped="0">
  <testcase classname="testScripts.TestScript_T0001" name="openGoogle" time="24.339"/>
  <system-out/>
  <testcase classname="testScripts.TestScript_T0001" name="openGoogle" time="22.118"/>
  <system-out/>
</testsuite> <!-- testScripts.TestScript_T0001 -->
