<?xml version="1.0" encoding="UTF-8"?>
<!-- Generated by org.testng.reporters.JUnitReportReporter -->
<testsuite hostname="DESKTOP-MLET7D3" failures="0" tests="1" name="testScripts.TestScript_T0003" time="4.393" errors="0" timestamp="2022-05-19T22:15:56 IST" skipped="0">
  <testcase classname="testScripts.TestScript_T0003" name="openGoogle" time="4.393"/>
  <system-out/>
</testsuite> <!-- testScripts.TestScript_T0003 -->
