<?xml version="1.0" encoding="UTF-8"?>
<!-- Generated by org.testng.reporters.JUnitReportReporter -->
<testsuite hostname="DESKTOP-MLET7D3" failures="0" tests="1" name="testScripts.TestScript_T0005" time="10.129" errors="0" timestamp="2022-06-06T17:10:37 IST" skipped="0">
  <testcase classname="testScripts.TestScript_T0005" name="openGoogle" time="10.129"/>
  <system-out/>
</testsuite> <!-- testScripts.TestScript_T0005 -->
