<?xml version="1.0" encoding="UTF-8"?>
<!-- Generated by org.testng.reporters.JUnitReportReporter -->
<testsuite hostname="DESKTOP-MLET7D3" failures="0" tests="3" name="testScripts.T003_Google" time="3.104" errors="0" timestamp="2022-05-18T21:25:19 IST" skipped="0">
  <testcase classname="testScripts.T003_Google" name="openGoogleThree" time="0.000"/>
  <system-out/>
  <testcase classname="testScripts.T003_Google" name="openGoogle" time="3.104"/>
  <system-out/>
  <testcase classname="testScripts.T003_Google" name="openGoogleTwo" time="0.000"/>
  <system-out/>
</testsuite> <!-- testScripts.T003_Google -->
